2026-06-26 12:56:39 [main] INFO  - Starting BelajarSpringRestfullApiApplication using Java 17.0.19 with PID 9056 (/Volumes/luvieummunafisa/java-spring/belajar-spring-restfull-api/target/classes started by ihsanabuhanifah in /Volumes/luvieummunafisa/java-spring/belajar-spring-restfull-api)
2026-06-26 12:56:39 [main] INFO  - No active profile set, falling back to 1 default profile: "default"
2026-06-26 12:56:44 [main] INFO  - Started BelajarSpringRestfullApiApplication in 4.588 seconds (process running for 4.759)
2026-06-26 12:56:44 [scheduling-1] INFO  - Mulai membersihkan order expired...
2026-06-26 12:56:51 [http-nio-8081-exec-1] INFO  - Incoming request to URI: [GET] /api/v1/products/list
2026-06-26 12:56:51 [http-nio-8081-exec-1] INFO  - Token in Redis: null
2026-06-26 12:56:51 [http-nio-8081-exec-1] INFO  - Token from Header: eyJhbGciOiJIUzM4NCJ9.eyJzdWIiOiJpaHNhbmFidWhhbmlmYWgiLCJuYW1lIjoiQURNSU4iLCJpYXQiOjE3ODI0NDc3MDksImV4cCI6MTc4MjUzNDEwOX0.qWRfgqfvpH-NwGpvPgqaZSzNAVaW9Q3QE6EsbTxFMQtazb2HYfm6mlUzt2S4E05v
2026-06-26 12:56:51 [http-nio-8081-exec-1] INFO  - Username from Token: ihsanabuhanifah
2026-06-26 12:56:51 [http-nio-8081-exec-1] INFO  - Device ID from Header: {{device_id}}
2026-06-26 12:56:51 [http-nio-8081-exec-1] ERROR - SECURITY ALERT: Invalid token for user 'ihsanabuhanifah' from IP [0:0:0:0:0:0:0:1]
2026-06-26 12:56:55 [http-nio-8081-exec-3] INFO  - User 'ihsanabuhanifah' is trying to login
2026-06-26 12:56:55 [http-nio-8081-exec-3] INFO  - Session linked and saved in Redis for user 'ihsanabuhanifah' on device '{{device_id}}'
2026-06-26 12:56:58 [http-nio-8081-exec-4] INFO  - Incoming request to URI: [GET] /api/v1/products/list
2026-06-26 12:56:58 [http-nio-8081-exec-4] INFO  - Token in Redis: eyJhbGciOiJIUzM4NCJ9.eyJzdWIiOiJpaHNhbmFidWhhbmlmYWgiLCJuYW1lIjoiQURNSU4iLCJpYXQiOjE3ODI0NTM0MTUsImV4cCI6MTc4MjUzOTgxNX0.Qk9nW8f56Kg-nlnJL4W3pF3Src-I31rgoVCIvXgyPo4GJCBqt4wGCvPHXO7s9n9b
2026-06-26 12:56:58 [http-nio-8081-exec-4] INFO  - Token from Header: eyJhbGciOiJIUzM4NCJ9.eyJzdWIiOiJpaHNhbmFidWhhbmlmYWgiLCJuYW1lIjoiQURNSU4iLCJpYXQiOjE3ODI0NTM0MTUsImV4cCI6MTc4MjUzOTgxNX0.Qk9nW8f56Kg-nlnJL4W3pF3Src-I31rgoVCIvXgyPo4GJCBqt4wGCvPHXO7s9n9b
2026-06-26 12:56:58 [http-nio-8081-exec-4] INFO  - Username from Token: ihsanabuhanifah
2026-06-26 12:56:58 [http-nio-8081-exec-4] INFO  - Device ID from Header: {{device_id}}
2026-06-26 12:56:58 [http-nio-8081-exec-4] INFO  - AUTHENTICATION VERIFIED: User 'ihsanabuhanifah' successfully accessed using matching device '{{device_id}}'
2026-06-26 12:56:58 [http-nio-8081-exec-4] INFO  - MySQL digunakan
2026-06-26 12:57:36 [main] INFO  - Starting BelajarSpringRestfullApiApplication using Java 17.0.19 with PID 9139 (/Volumes/luvieummunafisa/java-spring/belajar-spring-restfull-api/target/classes started by ihsanabuhanifah in /Volumes/luvieummunafisa/java-spring/belajar-spring-restfull-api)
2026-06-26 12:57:36 [main] INFO  - No active profile set, falling back to 1 default profile: "default"
2026-06-26 12:57:39 [main] INFO  - Started BelajarSpringRestfullApiApplication in 3.444 seconds (process running for 3.618)
2026-06-26 12:57:39 [scheduling-1] INFO  - Mulai membersihkan order expired...
2026-06-26 12:57:40 [http-nio-8081-exec-2] INFO  - Incoming request to URI: [GET] /api/v1/products/list
2026-06-26 12:57:40 [http-nio-8081-exec-2] INFO  - Token in Redis: eyJhbGciOiJIUzM4NCJ9.eyJzdWIiOiJpaHNhbmFidWhhbmlmYWgiLCJuYW1lIjoiQURNSU4iLCJpYXQiOjE3ODI0NTM0MTUsImV4cCI6MTc4MjUzOTgxNX0.Qk9nW8f56Kg-nlnJL4W3pF3Src-I31rgoVCIvXgyPo4GJCBqt4wGCvPHXO7s9n9b
2026-06-26 12:57:40 [http-nio-8081-exec-2] INFO  - Token from Header: eyJhbGciOiJIUzM4NCJ9.eyJzdWIiOiJpaHNhbmFidWhhbmlmYWgiLCJuYW1lIjoiQURNSU4iLCJpYXQiOjE3ODI0NTM0MTUsImV4cCI6MTc4MjUzOTgxNX0.Qk9nW8f56Kg-nlnJL4W3pF3Src-I31rgoVCIvXgyPo4GJCBqt4wGCvPHXO7s9n9b
2026-06-26 12:57:40 [http-nio-8081-exec-2] INFO  - Username from Token: ihsanabuhanifah
2026-06-26 12:57:40 [http-nio-8081-exec-2] INFO  - Device ID from Header: {{device_id}}
2026-06-26 12:57:40 [http-nio-8081-exec-2] INFO  - AUTHENTICATION VERIFIED: User 'ihsanabuhanifah' successfully accessed using matching device '{{device_id}}'
2026-06-26 12:57:40 [http-nio-8081-exec-2] INFO  - Menerima request: SearchProductRequestDto(name=null, minPrice=null, maxPrice=null, categoryId=null, keyword=null, page=0, size=10)
2026-06-26 12:57:40 [http-nio-8081-exec-2] INFO  - MySQL digunakan
2026-06-26 12:58:22 [http-nio-8081-exec-3] INFO  - Incoming request to URI: [GET] /api/v1/products/list
2026-06-26 12:58:22 [http-nio-8081-exec-3] INFO  - Token in Redis: eyJhbGciOiJIUzM4NCJ9.eyJzdWIiOiJpaHNhbmFidWhhbmlmYWgiLCJuYW1lIjoiQURNSU4iLCJpYXQiOjE3ODI0NTM0MTUsImV4cCI6MTc4MjUzOTgxNX0.Qk9nW8f56Kg-nlnJL4W3pF3Src-I31rgoVCIvXgyPo4GJCBqt4wGCvPHXO7s9n9b
2026-06-26 12:58:22 [http-nio-8081-exec-3] INFO  - Token from Header: eyJhbGciOiJIUzM4NCJ9.eyJzdWIiOiJpaHNhbmFidWhhbmlmYWgiLCJuYW1lIjoiQURNSU4iLCJpYXQiOjE3ODI0NTM0MTUsImV4cCI6MTc4MjUzOTgxNX0.Qk9nW8f56Kg-nlnJL4W3pF3Src-I31rgoVCIvXgyPo4GJCBqt4wGCvPHXO7s9n9b
2026-06-26 12:58:22 [http-nio-8081-exec-3] INFO  - Username from Token: ihsanabuhanifah
2026-06-26 12:58:22 [http-nio-8081-exec-3] INFO  - Device ID from Header: {{device_id}}
2026-06-26 12:58:22 [http-nio-8081-exec-3] INFO  - AUTHENTICATION VERIFIED: User 'ihsanabuhanifah' successfully accessed using matching device '{{device_id}}'
2026-06-26 12:58:22 [http-nio-8081-exec-3] INFO  - Menerima request: SearchProductRequestDto(name=ian, minPrice=null, maxPrice=null, categoryId=null, keyword=null, page=0, size=10)
2026-06-26 12:58:22 [http-nio-8081-exec-3] INFO  - Elasticsearch digunakan
2026-06-26 12:58:22 [http-nio-8081-exec-3] INFO  - Elasticsearch mengembalikan 0 hasil dari total 0
2026-06-26 12:58:43 [http-nio-8081-exec-4] INFO  - Incoming request to URI: [GET] /api/v1/products/list-mysql
2026-06-26 12:58:43 [http-nio-8081-exec-4] INFO  - Token in Redis: eyJhbGciOiJIUzM4NCJ9.eyJzdWIiOiJpaHNhbmFidWhhbmlmYWgiLCJuYW1lIjoiQURNSU4iLCJpYXQiOjE3ODI0NTM0MTUsImV4cCI6MTc4MjUzOTgxNX0.Qk9nW8f56Kg-nlnJL4W3pF3Src-I31rgoVCIvXgyPo4GJCBqt4wGCvPHXO7s9n9b
2026-06-26 12:58:43 [http-nio-8081-exec-4] INFO  - Token from Header: eyJhbGciOiJIUzM4NCJ9.eyJzdWIiOiJpaHNhbmFidWhhbmlmYWgiLCJuYW1lIjoiQURNSU4iLCJpYXQiOjE3ODI0NTM0MTUsImV4cCI6MTc4MjUzOTgxNX0.Qk9nW8f56Kg-nlnJL4W3pF3Src-I31rgoVCIvXgyPo4GJCBqt4wGCvPHXO7s9n9b
2026-06-26 12:58:43 [http-nio-8081-exec-4] INFO  - Username from Token: ihsanabuhanifah
2026-06-26 12:58:43 [http-nio-8081-exec-4] INFO  - Device ID from Header: {{device_id}}
2026-06-26 12:58:43 [http-nio-8081-exec-4] INFO  - AUTHENTICATION VERIFIED: User 'ihsanabuhanifah' successfully accessed using matching device '{{device_id}}'
2026-06-26 12:58:43 [http-nio-8081-exec-4] INFO  - Menerima request: SearchProductRequestDto(name=ian, minPrice=null, maxPrice=null, categoryId=null, keyword=null, page=0, size=10)
2026-06-26 12:58:43 [http-nio-8081-exec-4] INFO  - Elasticsearch digunakan
2026-06-26 12:58:43 [http-nio-8081-exec-4] INFO  - Elasticsearch mengembalikan 0 hasil dari total 0
2026-06-26 12:58:43 [http-nio-8081-exec-5] INFO  - Incoming request to URI: [GET] /api/v1/products/list-mysql
2026-06-26 12:58:43 [http-nio-8081-exec-5] INFO  - Token in Redis: eyJhbGciOiJIUzM4NCJ9.eyJzdWIiOiJpaHNhbmFidWhhbmlmYWgiLCJuYW1lIjoiQURNSU4iLCJpYXQiOjE3ODI0NTM0MTUsImV4cCI6MTc4MjUzOTgxNX0.Qk9nW8f56Kg-nlnJL4W3pF3Src-I31rgoVCIvXgyPo4GJCBqt4wGCvPHXO7s9n9b
2026-06-26 12:58:43 [http-nio-8081-exec-5] INFO  - Token from Header: eyJhbGciOiJIUzM4NCJ9.eyJzdWIiOiJpaHNhbmFidWhhbmlmYWgiLCJuYW1lIjoiQURNSU4iLCJpYXQiOjE3ODI0NTM0MTUsImV4cCI6MTc4MjUzOTgxNX0.Qk9nW8f56Kg-nlnJL4W3pF3Src-I31rgoVCIvXgyPo4GJCBqt4wGCvPHXO7s9n9b
2026-06-26 12:58:43 [http-nio-8081-exec-5] INFO  - Username from Token: ihsanabuhanifah
2026-06-26 12:58:43 [http-nio-8081-exec-5] INFO  - Device ID from Header: {{device_id}}
2026-06-26 12:58:43 [http-nio-8081-exec-5] INFO  - AUTHENTICATION VERIFIED: User 'ihsanabuhanifah' successfully accessed using matching device '{{device_id}}'
2026-06-26 12:58:43 [http-nio-8081-exec-5] INFO  - Menerima request: SearchProductRequestDto(name=ian, minPrice=null, maxPrice=null, categoryId=null, keyword=null, page=0, size=10)
2026-06-26 12:58:43 [http-nio-8081-exec-5] INFO  - Elasticsearch digunakan
2026-06-26 12:58:43 [http-nio-8081-exec-5] INFO  - Elasticsearch mengembalikan 0 hasil dari total 0
2026-06-26 12:58:44 [http-nio-8081-exec-7] INFO  - Incoming request to URI: [GET] /api/v1/products/list-mysql
2026-06-26 12:58:44 [http-nio-8081-exec-7] INFO  - Token in Redis: eyJhbGciOiJIUzM4NCJ9.eyJzdWIiOiJpaHNhbmFidWhhbmlmYWgiLCJuYW1lIjoiQURNSU4iLCJpYXQiOjE3ODI0NTM0MTUsImV4cCI6MTc4MjUzOTgxNX0.Qk9nW8f56Kg-nlnJL4W3pF3Src-I31rgoVCIvXgyPo4GJCBqt4wGCvPHXO7s9n9b
2026-06-26 12:58:44 [http-nio-8081-exec-7] INFO  - Token from Header: eyJhbGciOiJIUzM4NCJ9.eyJzdWIiOiJpaHNhbmFidWhhbmlmYWgiLCJuYW1lIjoiQURNSU4iLCJpYXQiOjE3ODI0NTM0MTUsImV4cCI6MTc4MjUzOTgxNX0.Qk9nW8f56Kg-nlnJL4W3pF3Src-I31rgoVCIvXgyPo4GJCBqt4wGCvPHXO7s9n9b
2026-06-26 12:58:44 [http-nio-8081-exec-7] INFO  - Username from Token: ihsanabuhanifah
2026-06-26 12:58:44 [http-nio-8081-exec-7] INFO  - Device ID from Header: {{device_id}}
2026-06-26 12:58:44 [http-nio-8081-exec-7] INFO  - AUTHENTICATION VERIFIED: User 'ihsanabuhanifah' successfully accessed using matching device '{{device_id}}'
2026-06-26 12:58:44 [http-nio-8081-exec-7] INFO  - Menerima request: SearchProductRequestDto(name=ian, minPrice=null, maxPrice=null, categoryId=null, keyword=null, page=0, size=10)
2026-06-26 12:58:44 [http-nio-8081-exec-7] INFO  - Elasticsearch digunakan
2026-06-26 12:58:44 [http-nio-8081-exec-7] INFO  - Elasticsearch mengembalikan 0 hasil dari total 0
2026-06-26 12:58:53 [http-nio-8081-exec-8] INFO  - Incoming request to URI: [GET] /api/v1/products/list
2026-06-26 12:58:53 [http-nio-8081-exec-8] INFO  - Token in Redis: eyJhbGciOiJIUzM4NCJ9.eyJzdWIiOiJpaHNhbmFidWhhbmlmYWgiLCJuYW1lIjoiQURNSU4iLCJpYXQiOjE3ODI0NTM0MTUsImV4cCI6MTc4MjUzOTgxNX0.Qk9nW8f56Kg-nlnJL4W3pF3Src-I31rgoVCIvXgyPo4GJCBqt4wGCvPHXO7s9n9b
2026-06-26 12:58:53 [http-nio-8081-exec-8] INFO  - Token from Header: eyJhbGciOiJIUzM4NCJ9.eyJzdWIiOiJpaHNhbmFidWhhbmlmYWgiLCJuYW1lIjoiQURNSU4iLCJpYXQiOjE3ODI0NTM0MTUsImV4cCI6MTc4MjUzOTgxNX0.Qk9nW8f56Kg-nlnJL4W3pF3Src-I31rgoVCIvXgyPo4GJCBqt4wGCvPHXO7s9n9b
2026-06-26 12:58:53 [http-nio-8081-exec-8] INFO  - Username from Token: ihsanabuhanifah
2026-06-26 12:58:53 [http-nio-8081-exec-8] INFO  - Device ID from Header: {{device_id}}
2026-06-26 12:58:53 [http-nio-8081-exec-8] INFO  - AUTHENTICATION VERIFIED: User 'ihsanabuhanifah' successfully accessed using matching device '{{device_id}}'
2026-06-26 12:58:53 [http-nio-8081-exec-8] INFO  - Menerima request: SearchProductRequestDto(name=null, minPrice=null, maxPrice=null, categoryId=null, keyword=null, page=0, size=10)
2026-06-26 12:58:53 [http-nio-8081-exec-8] INFO  - MySQL digunakan
2026-06-26 12:59:02 [http-nio-8081-exec-9] INFO  - Incoming request to URI: [GET] /api/v1/products/list
2026-06-26 12:59:02 [http-nio-8081-exec-9] INFO  - Token in Redis: eyJhbGciOiJIUzM4NCJ9.eyJzdWIiOiJpaHNhbmFidWhhbmlmYWgiLCJuYW1lIjoiQURNSU4iLCJpYXQiOjE3ODI0NTM0MTUsImV4cCI6MTc4MjUzOTgxNX0.Qk9nW8f56Kg-nlnJL4W3pF3Src-I31rgoVCIvXgyPo4GJCBqt4wGCvPHXO7s9n9b
2026-06-26 12:59:02 [http-nio-8081-exec-9] INFO  - Token from Header: eyJhbGciOiJIUzM4NCJ9.eyJzdWIiOiJpaHNhbmFidWhhbmlmYWgiLCJuYW1lIjoiQURNSU4iLCJpYXQiOjE3ODI0NTM0MTUsImV4cCI6MTc4MjUzOTgxNX0.Qk9nW8f56Kg-nlnJL4W3pF3Src-I31rgoVCIvXgyPo4GJCBqt4wGCvPHXO7s9n9b
2026-06-26 12:59:02 [http-nio-8081-exec-9] INFO  - Username from Token: ihsanabuhanifah
2026-06-26 12:59:02 [http-nio-8081-exec-9] INFO  - Device ID from Header: {{device_id}}
2026-06-26 12:59:02 [http-nio-8081-exec-9] INFO  - AUTHENTICATION VERIFIED: User 'ihsanabuhanifah' successfully accessed using matching device '{{device_id}}'
2026-06-26 12:59:02 [http-nio-8081-exec-9] INFO  - Menerima request: SearchProductRequestDto(name=Benro, minPrice=null, maxPrice=null, categoryId=null, keyword=null, page=0, size=10)
2026-06-26 12:59:02 [http-nio-8081-exec-9] INFO  - Elasticsearch digunakan
2026-06-26 12:59:02 [http-nio-8081-exec-9] INFO  - Elasticsearch mengembalikan 3 hasil dari total 3
2026-06-26 12:59:12 [http-nio-8081-exec-10] INFO  - Incoming request to URI: [GET] /api/v1/products/list
2026-06-26 12:59:12 [http-nio-8081-exec-10] INFO  - Token in Redis: eyJhbGciOiJIUzM4NCJ9.eyJzdWIiOiJpaHNhbmFidWhhbmlmYWgiLCJuYW1lIjoiQURNSU4iLCJpYXQiOjE3ODI0NTM0MTUsImV4cCI6MTc4MjUzOTgxNX0.Qk9nW8f56Kg-nlnJL4W3pF3Src-I31rgoVCIvXgyPo4GJCBqt4wGCvPHXO7s9n9b
2026-06-26 12:59:12 [http-nio-8081-exec-10] INFO  - Token from Header: eyJhbGciOiJIUzM4NCJ9.eyJzdWIiOiJpaHNhbmFidWhhbmlmYWgiLCJuYW1lIjoiQURNSU4iLCJpYXQiOjE3ODI0NTM0MTUsImV4cCI6MTc4MjUzOTgxNX0.Qk9nW8f56Kg-nlnJL4W3pF3Src-I31rgoVCIvXgyPo4GJCBqt4wGCvPHXO7s9n9b
2026-06-26 12:59:12 [http-nio-8081-exec-10] INFO  - Username from Token: ihsanabuhanifah
2026-06-26 12:59:12 [http-nio-8081-exec-10] INFO  - Device ID from Header: {{device_id}}
2026-06-26 12:59:12 [http-nio-8081-exec-10] INFO  - AUTHENTICATION VERIFIED: User 'ihsanabuhanifah' successfully accessed using matching device '{{device_id}}'
2026-06-26 12:59:12 [http-nio-8081-exec-10] INFO  - Menerima request: SearchProductRequestDto(name=null, minPrice=null, maxPrice=null, categoryId=null, keyword=null, page=0, size=10)
2026-06-26 12:59:12 [http-nio-8081-exec-10] INFO  - MySQL digunakan
2026-06-26 12:59:17 [http-nio-8081-exec-1] INFO  - Incoming request to URI: [GET] /api/v1/products/list
2026-06-26 12:59:17 [http-nio-8081-exec-1] INFO  - Token in Redis: eyJhbGciOiJIUzM4NCJ9.eyJzdWIiOiJpaHNhbmFidWhhbmlmYWgiLCJuYW1lIjoiQURNSU4iLCJpYXQiOjE3ODI0NTM0MTUsImV4cCI6MTc4MjUzOTgxNX0.Qk9nW8f56Kg-nlnJL4W3pF3Src-I31rgoVCIvXgyPo4GJCBqt4wGCvPHXO7s9n9b
2026-06-26 12:59:17 [http-nio-8081-exec-1] INFO  - Token from Header: eyJhbGciOiJIUzM4NCJ9.eyJzdWIiOiJpaHNhbmFidWhhbmlmYWgiLCJuYW1lIjoiQURNSU4iLCJpYXQiOjE3ODI0NTM0MTUsImV4cCI6MTc4MjUzOTgxNX0.Qk9nW8f56Kg-nlnJL4W3pF3Src-I31rgoVCIvXgyPo4GJCBqt4wGCvPHXO7s9n9b
2026-06-26 12:59:17 [http-nio-8081-exec-1] INFO  - Username from Token: ihsanabuhanifah
2026-06-26 12:59:17 [http-nio-8081-exec-1] INFO  - Device ID from Header: {{device_id}}
2026-06-26 12:59:17 [http-nio-8081-exec-1] INFO  - AUTHENTICATION VERIFIED: User 'ihsanabuhanifah' successfully accessed using matching device '{{device_id}}'
2026-06-26 12:59:17 [http-nio-8081-exec-1] INFO  - Menerima request: SearchProductRequestDto(name=null, minPrice=null, maxPrice=null, categoryId=null, keyword=null, page=0, size=10)
2026-06-26 12:59:17 [http-nio-8081-exec-1] INFO  - MySQL digunakan
2026-06-26 12:59:28 [http-nio-8081-exec-2] INFO  - Incoming request to URI: [GET] /api/v1/products/list-mysql
2026-06-26 12:59:28 [http-nio-8081-exec-2] INFO  - Token in Redis: eyJhbGciOiJIUzM4NCJ9.eyJzdWIiOiJpaHNhbmFidWhhbmlmYWgiLCJuYW1lIjoiQURNSU4iLCJpYXQiOjE3ODI0NTM0MTUsImV4cCI6MTc4MjUzOTgxNX0.Qk9nW8f56Kg-nlnJL4W3pF3Src-I31rgoVCIvXgyPo4GJCBqt4wGCvPHXO7s9n9b
2026-06-26 12:59:28 [http-nio-8081-exec-2] INFO  - Token from Header: eyJhbGciOiJIUzM4NCJ9.eyJzdWIiOiJpaHNhbmFidWhhbmlmYWgiLCJuYW1lIjoiQURNSU4iLCJpYXQiOjE3ODI0NTM0MTUsImV4cCI6MTc4MjUzOTgxNX0.Qk9nW8f56Kg-nlnJL4W3pF3Src-I31rgoVCIvXgyPo4GJCBqt4wGCvPHXO7s9n9b
2026-06-26 12:59:28 [http-nio-8081-exec-2] INFO  - Username from Token: ihsanabuhanifah
2026-06-26 12:59:28 [http-nio-8081-exec-2] INFO  - Device ID from Header: {{device_id}}
2026-06-26 12:59:28 [http-nio-8081-exec-2] INFO  - AUTHENTICATION VERIFIED: User 'ihsanabuhanifah' successfully accessed using matching device '{{device_id}}'
2026-06-26 12:59:28 [http-nio-8081-exec-2] INFO  - Menerima request: SearchProductRequestDto(name=vrian, minPrice=null, maxPrice=null, categoryId=null, keyword=null, page=0, size=10)
2026-06-26 12:59:28 [http-nio-8081-exec-2] INFO  - Elasticsearch digunakan
2026-06-26 12:59:28 [http-nio-8081-exec-2] INFO  - Elasticsearch mengembalikan 0 hasil dari total 0
2026-06-26 12:59:34 [http-nio-8081-exec-3] INFO  - Incoming request to URI: [GET] /api/v1/products/list
2026-06-26 12:59:34 [http-nio-8081-exec-3] INFO  - Token in Redis: eyJhbGciOiJIUzM4NCJ9.eyJzdWIiOiJpaHNhbmFidWhhbmlmYWgiLCJuYW1lIjoiQURNSU4iLCJpYXQiOjE3ODI0NTM0MTUsImV4cCI6MTc4MjUzOTgxNX0.Qk9nW8f56Kg-nlnJL4W3pF3Src-I31rgoVCIvXgyPo4GJCBqt4wGCvPHXO7s9n9b
2026-06-26 12:59:34 [http-nio-8081-exec-3] INFO  - Token from Header: eyJhbGciOiJIUzM4NCJ9.eyJzdWIiOiJpaHNhbmFidWhhbmlmYWgiLCJuYW1lIjoiQURNSU4iLCJpYXQiOjE3ODI0NTM0MTUsImV4cCI6MTc4MjUzOTgxNX0.Qk9nW8f56Kg-nlnJL4W3pF3Src-I31rgoVCIvXgyPo4GJCBqt4wGCvPHXO7s9n9b
2026-06-26 12:59:34 [http-nio-8081-exec-3] INFO  - Username from Token: ihsanabuhanifah
2026-06-26 12:59:34 [http-nio-8081-exec-3] INFO  - Device ID from Header: {{device_id}}
2026-06-26 12:59:34 [http-nio-8081-exec-3] INFO  - AUTHENTICATION VERIFIED: User 'ihsanabuhanifah' successfully accessed using matching device '{{device_id}}'
2026-06-26 12:59:34 [http-nio-8081-exec-3] INFO  - Menerima request: SearchProductRequestDto(name=vrian, minPrice=null, maxPrice=null, categoryId=null, keyword=null, page=0, size=10)
2026-06-26 12:59:34 [http-nio-8081-exec-3] INFO  - Elasticsearch digunakan
2026-06-26 12:59:34 [http-nio-8081-exec-3] INFO  - Elasticsearch mengembalikan 0 hasil dari total 0
2026-06-26 12:59:35 [http-nio-8081-exec-4] INFO  - Incoming request to URI: [GET] /api/v1/products/list
2026-06-26 12:59:35 [http-nio-8081-exec-4] INFO  - Token in Redis: eyJhbGciOiJIUzM4NCJ9.eyJzdWIiOiJpaHNhbmFidWhhbmlmYWgiLCJuYW1lIjoiQURNSU4iLCJpYXQiOjE3ODI0NTM0MTUsImV4cCI6MTc4MjUzOTgxNX0.Qk9nW8f56Kg-nlnJL4W3pF3Src-I31rgoVCIvXgyPo4GJCBqt4wGCvPHXO7s9n9b
2026-06-26 12:59:35 [http-nio-8081-exec-4] INFO  - Token from Header: eyJhbGciOiJIUzM4NCJ9.eyJzdWIiOiJpaHNhbmFidWhhbmlmYWgiLCJuYW1lIjoiQURNSU4iLCJpYXQiOjE3ODI0NTM0MTUsImV4cCI6MTc4MjUzOTgxNX0.Qk9nW8f56Kg-nlnJL4W3pF3Src-I31rgoVCIvXgyPo4GJCBqt4wGCvPHXO7s9n9b
2026-06-26 12:59:35 [http-nio-8081-exec-4] INFO  - Username from Token: ihsanabuhanifah
2026-06-26 12:59:35 [http-nio-8081-exec-4] INFO  - Device ID from Header: {{device_id}}
2026-06-26 12:59:35 [http-nio-8081-exec-4] INFO  - AUTHENTICATION VERIFIED: User 'ihsanabuhanifah' successfully accessed using matching device '{{device_id}}'
2026-06-26 12:59:35 [http-nio-8081-exec-4] INFO  - Menerima request: SearchProductRequestDto(name=vrian, minPrice=null, maxPrice=null, categoryId=null, keyword=null, page=0, size=10)
2026-06-26 12:59:35 [http-nio-8081-exec-4] INFO  - Elasticsearch digunakan
2026-06-26 12:59:35 [http-nio-8081-exec-4] INFO  - Elasticsearch mengembalikan 0 hasil dari total 0
2026-06-26 12:59:36 [http-nio-8081-exec-5] INFO  - Incoming request to URI: [GET] /api/v1/products/list
2026-06-26 12:59:36 [http-nio-8081-exec-5] INFO  - Token in Redis: eyJhbGciOiJIUzM4NCJ9.eyJzdWIiOiJpaHNhbmFidWhhbmlmYWgiLCJuYW1lIjoiQURNSU4iLCJpYXQiOjE3ODI0NTM0MTUsImV4cCI6MTc4MjUzOTgxNX0.Qk9nW8f56Kg-nlnJL4W3pF3Src-I31rgoVCIvXgyPo4GJCBqt4wGCvPHXO7s9n9b
2026-06-26 12:59:36 [http-nio-8081-exec-5] INFO  - Token from Header: eyJhbGciOiJIUzM4NCJ9.eyJzdWIiOiJpaHNhbmFidWhhbmlmYWgiLCJuYW1lIjoiQURNSU4iLCJpYXQiOjE3ODI0NTM0MTUsImV4cCI6MTc4MjUzOTgxNX0.Qk9nW8f56Kg-nlnJL4W3pF3Src-I31rgoVCIvXgyPo4GJCBqt4wGCvPHXO7s9n9b
2026-06-26 12:59:36 [http-nio-8081-exec-5] INFO  - Username from Token: ihsanabuhanifah
2026-06-26 12:59:36 [http-nio-8081-exec-5] INFO  - Device ID from Header: {{device_id}}
2026-06-26 12:59:36 [http-nio-8081-exec-5] INFO  - AUTHENTICATION VERIFIED: User 'ihsanabuhanifah' successfully accessed using matching device '{{device_id}}'
2026-06-26 12:59:36 [http-nio-8081-exec-5] INFO  - Menerima request: SearchProductRequestDto(name=vrian, minPrice=null, maxPrice=null, categoryId=null, keyword=null, page=0, size=10)
2026-06-26 12:59:36 [http-nio-8081-exec-5] INFO  - Elasticsearch digunakan
2026-06-26 12:59:36 [http-nio-8081-exec-5] INFO  - Elasticsearch mengembalikan 0 hasil dari total 0
2026-06-26 12:59:37 [http-nio-8081-exec-6] INFO  - Incoming request to URI: [GET] /api/v1/products/list
2026-06-26 12:59:37 [http-nio-8081-exec-6] INFO  - Token in Redis: eyJhbGciOiJIUzM4NCJ9.eyJzdWIiOiJpaHNhbmFidWhhbmlmYWgiLCJuYW1lIjoiQURNSU4iLCJpYXQiOjE3ODI0NTM0MTUsImV4cCI6MTc4MjUzOTgxNX0.Qk9nW8f56Kg-nlnJL4W3pF3Src-I31rgoVCIvXgyPo4GJCBqt4wGCvPHXO7s9n9b
2026-06-26 12:59:37 [http-nio-8081-exec-6] INFO  - Token from Header: eyJhbGciOiJIUzM4NCJ9.eyJzdWIiOiJpaHNhbmFidWhhbmlmYWgiLCJuYW1lIjoiQURNSU4iLCJpYXQiOjE3ODI0NTM0MTUsImV4cCI6MTc4MjUzOTgxNX0.Qk9nW8f56Kg-nlnJL4W3pF3Src-I31rgoVCIvXgyPo4GJCBqt4wGCvPHXO7s9n9b
2026-06-26 12:59:37 [http-nio-8081-exec-6] INFO  - Username from Token: ihsanabuhanifah
2026-06-26 12:59:37 [http-nio-8081-exec-6] INFO  - Device ID from Header: {{device_id}}
2026-06-26 12:59:37 [http-nio-8081-exec-6] INFO  - AUTHENTICATION VERIFIED: User 'ihsanabuhanifah' successfully accessed using matching device '{{device_id}}'
2026-06-26 12:59:37 [http-nio-8081-exec-6] INFO  - Menerima request: SearchProductRequestDto(name=vrian, minPrice=null, maxPrice=null, categoryId=null, keyword=null, page=0, size=10)
2026-06-26 12:59:37 [http-nio-8081-exec-6] INFO  - Elasticsearch digunakan
2026-06-26 12:59:37 [http-nio-8081-exec-6] INFO  - Elasticsearch mengembalikan 0 hasil dari total 0
2026-06-26 12:59:38 [http-nio-8081-exec-7] INFO  - Incoming request to URI: [GET] /api/v1/products/list
2026-06-26 12:59:38 [http-nio-8081-exec-7] INFO  - Token in Redis: eyJhbGciOiJIUzM4NCJ9.eyJzdWIiOiJpaHNhbmFidWhhbmlmYWgiLCJuYW1lIjoiQURNSU4iLCJpYXQiOjE3ODI0NTM0MTUsImV4cCI6MTc4MjUzOTgxNX0.Qk9nW8f56Kg-nlnJL4W3pF3Src-I31rgoVCIvXgyPo4GJCBqt4wGCvPHXO7s9n9b
2026-06-26 12:59:38 [http-nio-8081-exec-7] INFO  - Token from Header: eyJhbGciOiJIUzM4NCJ9.eyJzdWIiOiJpaHNhbmFidWhhbmlmYWgiLCJuYW1lIjoiQURNSU4iLCJpYXQiOjE3ODI0NTM0MTUsImV4cCI6MTc4MjUzOTgxNX0.Qk9nW8f56Kg-nlnJL4W3pF3Src-I31rgoVCIvXgyPo4GJCBqt4wGCvPHXO7s9n9b
2026-06-26 12:59:38 [http-nio-8081-exec-7] INFO  - Username from Token: ihsanabuhanifah
2026-06-26 12:59:38 [http-nio-8081-exec-7] INFO  - Device ID from Header: {{device_id}}
2026-06-26 12:59:38 [http-nio-8081-exec-7] INFO  - AUTHENTICATION VERIFIED: User 'ihsanabuhanifah' successfully accessed using matching device '{{device_id}}'
2026-06-26 12:59:38 [http-nio-8081-exec-7] INFO  - Menerima request: SearchProductRequestDto(name=vrian, minPrice=null, maxPrice=null, categoryId=null, keyword=null, page=0, size=10)
2026-06-26 12:59:38 [http-nio-8081-exec-7] INFO  - Elasticsearch digunakan
2026-06-26 12:59:38 [http-nio-8081-exec-7] INFO  - Elasticsearch mengembalikan 0 hasil dari total 0
2026-06-26 12:59:38 [http-nio-8081-exec-8] INFO  - Incoming request to URI: [GET] /api/v1/products/list
2026-06-26 12:59:38 [http-nio-8081-exec-8] INFO  - Token in Redis: eyJhbGciOiJIUzM4NCJ9.eyJzdWIiOiJpaHNhbmFidWhhbmlmYWgiLCJuYW1lIjoiQURNSU4iLCJpYXQiOjE3ODI0NTM0MTUsImV4cCI6MTc4MjUzOTgxNX0.Qk9nW8f56Kg-nlnJL4W3pF3Src-I31rgoVCIvXgyPo4GJCBqt4wGCvPHXO7s9n9b
2026-06-26 12:59:38 [http-nio-8081-exec-8] INFO  - Token from Header: eyJhbGciOiJIUzM4NCJ9.eyJzdWIiOiJpaHNhbmFidWhhbmlmYWgiLCJuYW1lIjoiQURNSU4iLCJpYXQiOjE3ODI0NTM0MTUsImV4cCI6MTc4MjUzOTgxNX0.Qk9nW8f56Kg-nlnJL4W3pF3Src-I31rgoVCIvXgyPo4GJCBqt4wGCvPHXO7s9n9b
2026-06-26 12:59:38 [http-nio-8081-exec-8] INFO  - Username from Token: ihsanabuhanifah
2026-06-26 12:59:38 [http-nio-8081-exec-8] INFO  - Device ID from Header: {{device_id}}
2026-06-26 12:59:38 [http-nio-8081-exec-8] INFO  - AUTHENTICATION VERIFIED: User 'ihsanabuhanifah' successfully accessed using matching device '{{device_id}}'
2026-06-26 12:59:39 [http-nio-8081-exec-8] INFO  - Menerima request: SearchProductRequestDto(name=vrian, minPrice=null, maxPrice=null, categoryId=null, keyword=null, page=0, size=10)
2026-06-26 12:59:39 [http-nio-8081-exec-8] INFO  - Elasticsearch digunakan
2026-06-26 12:59:39 [http-nio-8081-exec-8] INFO  - Elasticsearch mengembalikan 0 hasil dari total 0
2026-06-26 13:27:39 [scheduling-1] INFO  - Mulai membersihkan order expired...
2026-06-26 13:34:10 [http-nio-8081-exec-10] INFO  - Incoming request to URI: [GET] /api/v1/products/list-mysql
2026-06-26 13:34:10 [http-nio-8081-exec-10] INFO  - Token in Redis: eyJhbGciOiJIUzM4NCJ9.eyJzdWIiOiJpaHNhbmFidWhhbmlmYWgiLCJuYW1lIjoiQURNSU4iLCJpYXQiOjE3ODI0NTM0MTUsImV4cCI6MTc4MjUzOTgxNX0.Qk9nW8f56Kg-nlnJL4W3pF3Src-I31rgoVCIvXgyPo4GJCBqt4wGCvPHXO7s9n9b
2026-06-26 13:34:10 [http-nio-8081-exec-10] INFO  - Token from Header: eyJhbGciOiJIUzM4NCJ9.eyJzdWIiOiJpaHNhbmFidWhhbmlmYWgiLCJuYW1lIjoiQURNSU4iLCJpYXQiOjE3ODI0NTM0MTUsImV4cCI6MTc4MjUzOTgxNX0.Qk9nW8f56Kg-nlnJL4W3pF3Src-I31rgoVCIvXgyPo4GJCBqt4wGCvPHXO7s9n9b
2026-06-26 13:34:10 [http-nio-8081-exec-10] INFO  - Username from Token: ihsanabuhanifah
2026-06-26 13:34:10 [http-nio-8081-exec-10] INFO  - Device ID from Header: {{device_id}}
2026-06-26 13:34:10 [http-nio-8081-exec-10] INFO  - AUTHENTICATION VERIFIED: User 'ihsanabuhanifah' successfully accessed using matching device '{{device_id}}'
2026-06-26 13:34:10 [http-nio-8081-exec-10] INFO  - Menerima request: SearchProductRequestDto(name=vrian, minPrice=null, maxPrice=null, categoryId=null, keyword=null, page=0, size=10)
2026-06-26 13:34:10 [http-nio-8081-exec-10] INFO  - Elasticsearch digunakan
2026-06-26 13:34:10 [http-nio-8081-exec-10] INFO  - Elasticsearch mengembalikan 0 hasil dari total 0
2026-06-26 13:34:11 [http-nio-8081-exec-2] INFO  - Incoming request to URI: [GET] /api/v1/products/list-mysql
2026-06-26 13:34:11 [http-nio-8081-exec-2] INFO  - Token in Redis: eyJhbGciOiJIUzM4NCJ9.eyJzdWIiOiJpaHNhbmFidWhhbmlmYWgiLCJuYW1lIjoiQURNSU4iLCJpYXQiOjE3ODI0NTM0MTUsImV4cCI6MTc4MjUzOTgxNX0.Qk9nW8f56Kg-nlnJL4W3pF3Src-I31rgoVCIvXgyPo4GJCBqt4wGCvPHXO7s9n9b
2026-06-26 13:34:11 [http-nio-8081-exec-2] INFO  - Token from Header: eyJhbGciOiJIUzM4NCJ9.eyJzdWIiOiJpaHNhbmFidWhhbmlmYWgiLCJuYW1lIjoiQURNSU4iLCJpYXQiOjE3ODI0NTM0MTUsImV4cCI6MTc4MjUzOTgxNX0.Qk9nW8f56Kg-nlnJL4W3pF3Src-I31rgoVCIvXgyPo4GJCBqt4wGCvPHXO7s9n9b
2026-06-26 13:34:11 [http-nio-8081-exec-2] INFO  - Username from Token: ihsanabuhanifah
2026-06-26 13:34:11 [http-nio-8081-exec-2] INFO  - Device ID from Header: {{device_id}}
2026-06-26 13:34:11 [http-nio-8081-exec-2] INFO  - AUTHENTICATION VERIFIED: User 'ihsanabuhanifah' successfully accessed using matching device '{{device_id}}'
2026-06-26 13:34:11 [http-nio-8081-exec-2] INFO  - Menerima request: SearchProductRequestDto(name=vrian, minPrice=null, maxPrice=null, categoryId=null, keyword=null, page=0, size=10)
2026-06-26 13:34:11 [http-nio-8081-exec-2] INFO  - Elasticsearch digunakan
2026-06-26 13:34:11 [http-nio-8081-exec-2] INFO  - Elasticsearch mengembalikan 0 hasil dari total 0
2026-06-26 13:34:11 [http-nio-8081-exec-3] INFO  - Incoming request to URI: [GET] /api/v1/products/list-mysql
2026-06-26 13:34:11 [http-nio-8081-exec-3] INFO  - Token in Redis: eyJhbGciOiJIUzM4NCJ9.eyJzdWIiOiJpaHNhbmFidWhhbmlmYWgiLCJuYW1lIjoiQURNSU4iLCJpYXQiOjE3ODI0NTM0MTUsImV4cCI6MTc4MjUzOTgxNX0.Qk9nW8f56Kg-nlnJL4W3pF3Src-I31rgoVCIvXgyPo4GJCBqt4wGCvPHXO7s9n9b
2026-06-26 13:34:11 [http-nio-8081-exec-3] INFO  - Token from Header: eyJhbGciOiJIUzM4NCJ9.eyJzdWIiOiJpaHNhbmFidWhhbmlmYWgiLCJuYW1lIjoiQURNSU4iLCJpYXQiOjE3ODI0NTM0MTUsImV4cCI6MTc4MjUzOTgxNX0.Qk9nW8f56Kg-nlnJL4W3pF3Src-I31rgoVCIvXgyPo4GJCBqt4wGCvPHXO7s9n9b
2026-06-26 13:34:11 [http-nio-8081-exec-3] INFO  - Username from Token: ihsanabuhanifah
2026-06-26 13:34:11 [http-nio-8081-exec-3] INFO  - Device ID from Header: {{device_id}}
2026-06-26 13:34:11 [http-nio-8081-exec-3] INFO  - AUTHENTICATION VERIFIED: User 'ihsanabuhanifah' successfully accessed using matching device '{{device_id}}'
2026-06-26 13:34:11 [http-nio-8081-exec-3] INFO  - Menerima request: SearchProductRequestDto(name=vrian, minPrice=null, maxPrice=null, categoryId=null, keyword=null, page=0, size=10)
2026-06-26 13:34:11 [http-nio-8081-exec-3] INFO  - Elasticsearch digunakan
2026-06-26 13:34:11 [http-nio-8081-exec-3] INFO  - Elasticsearch mengembalikan 0 hasil dari total 0
2026-06-26 13:34:35 [http-nio-8081-exec-4] INFO  - Incoming request to URI: [GET] /api/v1/products/list-mysql
2026-06-26 13:34:35 [http-nio-8081-exec-4] INFO  - Token in Redis: eyJhbGciOiJIUzM4NCJ9.eyJzdWIiOiJpaHNhbmFidWhhbmlmYWgiLCJuYW1lIjoiQURNSU4iLCJpYXQiOjE3ODI0NTM0MTUsImV4cCI6MTc4MjUzOTgxNX0.Qk9nW8f56Kg-nlnJL4W3pF3Src-I31rgoVCIvXgyPo4GJCBqt4wGCvPHXO7s9n9b
2026-06-26 13:34:35 [http-nio-8081-exec-4] INFO  - Token from Header: eyJhbGciOiJIUzM4NCJ9.eyJzdWIiOiJpaHNhbmFidWhhbmlmYWgiLCJuYW1lIjoiQURNSU4iLCJpYXQiOjE3ODI0NTM0MTUsImV4cCI6MTc4MjUzOTgxNX0.Qk9nW8f56Kg-nlnJL4W3pF3Src-I31rgoVCIvXgyPo4GJCBqt4wGCvPHXO7s9n9b
2026-06-26 13:34:35 [http-nio-8081-exec-4] INFO  - Username from Token: ihsanabuhanifah
2026-06-26 13:34:35 [http-nio-8081-exec-4] INFO  - Device ID from Header: {{device_id}}
2026-06-26 13:34:35 [http-nio-8081-exec-4] INFO  - AUTHENTICATION VERIFIED: User 'ihsanabuhanifah' successfully accessed using matching device '{{device_id}}'
2026-06-26 13:34:35 [http-nio-8081-exec-4] INFO  - Menerima request: SearchProductRequestDto(name=null, minPrice=null, maxPrice=null, categoryId=null, keyword=null, page=0, size=10)
2026-06-26 13:34:35 [http-nio-8081-exec-4] INFO  - MySQL digunakan
2026-06-26 14:00:46 [scheduling-1] INFO  - Mulai membersihkan order expired...
2026-06-26 14:02:05 [http-nio-8081-exec-6] INFO  - Incoming request to URI: [GET] /api/v1/products/list-mysql
2026-06-26 14:02:05 [http-nio-8081-exec-6] INFO  - Token in Redis: null
2026-06-26 14:02:05 [http-nio-8081-exec-6] INFO  - Token from Header: eyJhbGciOiJIUzM4NCJ9.eyJzdWIiOiJpaHNhbmFidWhhbmlmYWgiLCJuYW1lIjoiQURNSU4iLCJpYXQiOjE3ODI0NTM0MTUsImV4cCI6MTc4MjUzOTgxNX0.Qk9nW8f56Kg-nlnJL4W3pF3Src-I31rgoVCIvXgyPo4GJCBqt4wGCvPHXO7s9n9b
2026-06-26 14:02:05 [http-nio-8081-exec-6] INFO  - Username from Token: ihsanabuhanifah
2026-06-26 14:02:05 [http-nio-8081-exec-6] INFO  - Device ID from Header: {{device_id}}
2026-06-26 14:02:05 [http-nio-8081-exec-6] ERROR - SECURITY ALERT: Invalid token for user 'ihsanabuhanifah' from IP [0:0:0:0:0:0:0:1]
2026-06-26 14:02:06 [http-nio-8081-exec-8] INFO  - Incoming request to URI: [GET] /api/v1/products/list-mysql
2026-06-26 14:02:06 [http-nio-8081-exec-8] INFO  - Token in Redis: null
2026-06-26 14:02:06 [http-nio-8081-exec-8] INFO  - Token from Header: eyJhbGciOiJIUzM4NCJ9.eyJzdWIiOiJpaHNhbmFidWhhbmlmYWgiLCJuYW1lIjoiQURNSU4iLCJpYXQiOjE3ODI0NTM0MTUsImV4cCI6MTc4MjUzOTgxNX0.Qk9nW8f56Kg-nlnJL4W3pF3Src-I31rgoVCIvXgyPo4GJCBqt4wGCvPHXO7s9n9b
2026-06-26 14:02:06 [http-nio-8081-exec-8] INFO  - Username from Token: ihsanabuhanifah
2026-06-26 14:02:06 [http-nio-8081-exec-8] INFO  - Device ID from Header: {{device_id}}
2026-06-26 14:02:06 [http-nio-8081-exec-8] ERROR - SECURITY ALERT: Invalid token for user 'ihsanabuhanifah' from IP [0:0:0:0:0:0:0:1]
2026-06-26 14:02:09 [http-nio-8081-exec-9] INFO  - User 'ihsanabuhanifah' is trying to login
2026-06-26 14:02:10 [http-nio-8081-exec-9] INFO  - Session linked and saved in Redis for user 'ihsanabuhanifah' on device '{{device_id}}'
2026-06-26 14:02:14 [http-nio-8081-exec-1] INFO  - Incoming request to URI: [GET] /api/v1/products/list
2026-06-26 14:02:14 [http-nio-8081-exec-1] INFO  - Token in Redis: eyJhbGciOiJIUzM4NCJ9.eyJzdWIiOiJpaHNhbmFidWhhbmlmYWgiLCJuYW1lIjoiQURNSU4iLCJpYXQiOjE3ODI0NTczMjksImV4cCI6MTc4MjU0MzcyOX0.mD89lVAA0GgO91KU7FTCOJOIjLi9QRbIMSX3K1E4rS9RcpbrnHvknogE_RGPh9rQ
2026-06-26 14:02:14 [http-nio-8081-exec-1] INFO  - Token from Header: eyJhbGciOiJIUzM4NCJ9.eyJzdWIiOiJpaHNhbmFidWhhbmlmYWgiLCJuYW1lIjoiQURNSU4iLCJpYXQiOjE3ODI0NTczMjksImV4cCI6MTc4MjU0MzcyOX0.mD89lVAA0GgO91KU7FTCOJOIjLi9QRbIMSX3K1E4rS9RcpbrnHvknogE_RGPh9rQ
2026-06-26 14:02:14 [http-nio-8081-exec-1] INFO  - Username from Token: ihsanabuhanifah
2026-06-26 14:02:14 [http-nio-8081-exec-1] INFO  - Device ID from Header: {{device_id}}
2026-06-26 14:02:14 [http-nio-8081-exec-1] INFO  - AUTHENTICATION VERIFIED: User 'ihsanabuhanifah' successfully accessed using matching device '{{device_id}}'
2026-06-26 14:02:14 [http-nio-8081-exec-1] INFO  - Menerima request: SearchProductRequestDto(name=vrian, minPrice=null, maxPrice=null, categoryId=null, keyword=null, page=0, size=10)
2026-06-26 14:02:14 [http-nio-8081-exec-1] INFO  - Elasticsearch digunakan
2026-06-26 14:02:14 [http-nio-8081-exec-1] INFO  - Elasticsearch mengembalikan 0 hasil dari total 0
2026-06-26 14:02:17 [http-nio-8081-exec-10] INFO  - Incoming request to URI: [GET] /api/v1/products/list
2026-06-26 14:02:17 [http-nio-8081-exec-10] INFO  - Token in Redis: eyJhbGciOiJIUzM4NCJ9.eyJzdWIiOiJpaHNhbmFidWhhbmlmYWgiLCJuYW1lIjoiQURNSU4iLCJpYXQiOjE3ODI0NTczMjksImV4cCI6MTc4MjU0MzcyOX0.mD89lVAA0GgO91KU7FTCOJOIjLi9QRbIMSX3K1E4rS9RcpbrnHvknogE_RGPh9rQ
2026-06-26 14:02:17 [http-nio-8081-exec-10] INFO  - Token from Header: eyJhbGciOiJIUzM4NCJ9.eyJzdWIiOiJpaHNhbmFidWhhbmlmYWgiLCJuYW1lIjoiQURNSU4iLCJpYXQiOjE3ODI0NTczMjksImV4cCI6MTc4MjU0MzcyOX0.mD89lVAA0GgO91KU7FTCOJOIjLi9QRbIMSX3K1E4rS9RcpbrnHvknogE_RGPh9rQ
2026-06-26 14:02:17 [http-nio-8081-exec-10] INFO  - Username from Token: ihsanabuhanifah
2026-06-26 14:02:17 [http-nio-8081-exec-10] INFO  - Device ID from Header: {{device_id}}
2026-06-26 14:02:17 [http-nio-8081-exec-10] INFO  - AUTHENTICATION VERIFIED: User 'ihsanabuhanifah' successfully accessed using matching device '{{device_id}}'
2026-06-26 14:02:17 [http-nio-8081-exec-10] INFO  - Menerima request: SearchProductRequestDto(name=null, minPrice=null, maxPrice=null, categoryId=null, keyword=null, page=0, size=10)
2026-06-26 14:02:17 [http-nio-8081-exec-10] INFO  - MySQL digunakan
2026-06-26 14:04:20 [http-nio-8081-exec-3] WARN  - STRICT SECURITY DENIED: Missing device metadata. IP: [0:0:0:0:0:0:0:1], DeviceID: [null], UserAgent: [Mozilla/5.0 (Macintosh; Intel Mac OS X 10_15_7) AppleWebKit/537.36 (KHTML, like Gecko) Chrome/149.0.0.0 Safari/537.36]
2026-06-26 14:04:20 [http-nio-8081-exec-4] WARN  - STRICT SECURITY DENIED: Missing device metadata. IP: [0:0:0:0:0:0:0:1], DeviceID: [null], UserAgent: [Mozilla/5.0 (Macintosh; Intel Mac OS X 10_15_7) AppleWebKit/537.36 (KHTML, like Gecko) Chrome/149.0.0.0 Safari/537.36]
2026-06-26 14:05:05 [http-nio-8081-exec-7] INFO  - Incoming request to URI: [POST] /api/v1/products/createBulk
2026-06-26 14:05:05 [http-nio-8081-exec-7] INFO  - Token in Redis: eyJhbGciOiJIUzM4NCJ9.eyJzdWIiOiJpaHNhbmFidWhhbmlmYWgiLCJuYW1lIjoiQURNSU4iLCJpYXQiOjE3ODI0NTczMjksImV4cCI6MTc4MjU0MzcyOX0.mD89lVAA0GgO91KU7FTCOJOIjLi9QRbIMSX3K1E4rS9RcpbrnHvknogE_RGPh9rQ
2026-06-26 14:05:05 [http-nio-8081-exec-7] INFO  - Token from Header: eyJhbGciOiJIUzM4NCJ9.eyJzdWIiOiJpaHNhbmFidWhhbmlmYWgiLCJuYW1lIjoiQURNSU4iLCJpYXQiOjE3ODI0NTczMjksImV4cCI6MTc4MjU0MzcyOX0.mD89lVAA0GgO91KU7FTCOJOIjLi9QRbIMSX3K1E4rS9RcpbrnHvknogE_RGPh9rQ
2026-06-26 14:05:05 [http-nio-8081-exec-7] INFO  - Username from Token: ihsanabuhanifah
2026-06-26 14:05:05 [http-nio-8081-exec-7] INFO  - Device ID from Header: {{device_id}}
2026-06-26 14:05:05 [http-nio-8081-exec-7] INFO  - AUTHENTICATION VERIFIED: User 'ihsanabuhanifah' successfully accessed using matching device '{{device_id}}'
2026-06-26 14:05:05 [http-nio-8081-exec-7] WARN  - API Error occurred: Status Code [404 NOT_FOUND], Reason: Category not found
2026-06-26 14:05:25 [http-nio-8081-exec-6] INFO  - Incoming request to URI: [POST] /api/v1/products/createBulk
2026-06-26 14:05:25 [http-nio-8081-exec-6] INFO  - Token in Redis: eyJhbGciOiJIUzM4NCJ9.eyJzdWIiOiJpaHNhbmFidWhhbmlmYWgiLCJuYW1lIjoiQURNSU4iLCJpYXQiOjE3ODI0NTczMjksImV4cCI6MTc4MjU0MzcyOX0.mD89lVAA0GgO91KU7FTCOJOIjLi9QRbIMSX3K1E4rS9RcpbrnHvknogE_RGPh9rQ
2026-06-26 14:05:25 [http-nio-8081-exec-6] INFO  - Token from Header: eyJhbGciOiJIUzM4NCJ9.eyJzdWIiOiJpaHNhbmFidWhhbmlmYWgiLCJuYW1lIjoiQURNSU4iLCJpYXQiOjE3ODI0NTczMjksImV4cCI6MTc4MjU0MzcyOX0.mD89lVAA0GgO91KU7FTCOJOIjLi9QRbIMSX3K1E4rS9RcpbrnHvknogE_RGPh9rQ
2026-06-26 14:05:25 [http-nio-8081-exec-6] INFO  - Username from Token: ihsanabuhanifah
2026-06-26 14:05:25 [http-nio-8081-exec-6] INFO  - Device ID from Header: {{device_id}}
2026-06-26 14:05:25 [http-nio-8081-exec-6] INFO  - AUTHENTICATION VERIFIED: User 'ihsanabuhanifah' successfully accessed using matching device '{{device_id}}'
2026-06-26 14:05:26 [http-nio-8081-exec-6] WARN  - API Error occurred: Status Code [404 NOT_FOUND], Reason: Category not found
2026-06-26 14:05:30 [http-nio-8081-exec-8] INFO  - Incoming request to URI: [POST] /api/v1/products/createBulk
2026-06-26 14:05:30 [http-nio-8081-exec-8] INFO  - Token in Redis: eyJhbGciOiJIUzM4NCJ9.eyJzdWIiOiJpaHNhbmFidWhhbmlmYWgiLCJuYW1lIjoiQURNSU4iLCJpYXQiOjE3ODI0NTczMjksImV4cCI6MTc4MjU0MzcyOX0.mD89lVAA0GgO91KU7FTCOJOIjLi9QRbIMSX3K1E4rS9RcpbrnHvknogE_RGPh9rQ
2026-06-26 14:05:30 [http-nio-8081-exec-8] INFO  - Token from Header: eyJhbGciOiJIUzM4NCJ9.eyJzdWIiOiJpaHNhbmFidWhhbmlmYWgiLCJuYW1lIjoiQURNSU4iLCJpYXQiOjE3ODI0NTczMjksImV4cCI6MTc4MjU0MzcyOX0.mD89lVAA0GgO91KU7FTCOJOIjLi9QRbIMSX3K1E4rS9RcpbrnHvknogE_RGPh9rQ
2026-06-26 14:05:30 [http-nio-8081-exec-8] INFO  - Username from Token: ihsanabuhanifah
2026-06-26 14:05:30 [http-nio-8081-exec-8] INFO  - Device ID from Header: {{device_id}}
2026-06-26 14:05:30 [http-nio-8081-exec-8] INFO  - AUTHENTICATION VERIFIED: User 'ihsanabuhanifah' successfully accessed using matching device '{{device_id}}'
2026-06-26 14:05:30 [http-nio-8081-exec-8] WARN  - API Error occurred: Status Code [404 NOT_FOUND], Reason: Category not found
2026-06-26 14:05:31 [http-nio-8081-exec-9] INFO  - Incoming request to URI: [POST] /api/v1/products/createBulk
2026-06-26 14:05:31 [http-nio-8081-exec-9] INFO  - Token in Redis: eyJhbGciOiJIUzM4NCJ9.eyJzdWIiOiJpaHNhbmFidWhhbmlmYWgiLCJuYW1lIjoiQURNSU4iLCJpYXQiOjE3ODI0NTczMjksImV4cCI6MTc4MjU0MzcyOX0.mD89lVAA0GgO91KU7FTCOJOIjLi9QRbIMSX3K1E4rS9RcpbrnHvknogE_RGPh9rQ
2026-06-26 14:05:31 [http-nio-8081-exec-9] INFO  - Token from Header: eyJhbGciOiJIUzM4NCJ9.eyJzdWIiOiJpaHNhbmFidWhhbmlmYWgiLCJuYW1lIjoiQURNSU4iLCJpYXQiOjE3ODI0NTczMjksImV4cCI6MTc4MjU0MzcyOX0.mD89lVAA0GgO91KU7FTCOJOIjLi9QRbIMSX3K1E4rS9RcpbrnHvknogE_RGPh9rQ
2026-06-26 14:05:31 [http-nio-8081-exec-9] INFO  - Username from Token: ihsanabuhanifah
2026-06-26 14:05:31 [http-nio-8081-exec-9] INFO  - Device ID from Header: {{device_id}}
2026-06-26 14:05:31 [http-nio-8081-exec-9] INFO  - AUTHENTICATION VERIFIED: User 'ihsanabuhanifah' successfully accessed using matching device '{{device_id}}'
2026-06-26 14:05:31 [http-nio-8081-exec-9] WARN  - API Error occurred: Status Code [404 NOT_FOUND], Reason: Category not found
2026-06-26 14:05:44 [http-nio-8081-exec-1] INFO  - Incoming request to URI: [POST] /api/v1/categories/createBulk
2026-06-26 14:05:44 [http-nio-8081-exec-1] INFO  - Token in Redis: eyJhbGciOiJIUzM4NCJ9.eyJzdWIiOiJpaHNhbmFidWhhbmlmYWgiLCJuYW1lIjoiQURNSU4iLCJpYXQiOjE3ODI0NTczMjksImV4cCI6MTc4MjU0MzcyOX0.mD89lVAA0GgO91KU7FTCOJOIjLi9QRbIMSX3K1E4rS9RcpbrnHvknogE_RGPh9rQ
2026-06-26 14:05:44 [http-nio-8081-exec-1] INFO  - Token from Header: eyJhbGciOiJIUzM4NCJ9.eyJzdWIiOiJpaHNhbmFidWhhbmlmYWgiLCJuYW1lIjoiQURNSU4iLCJpYXQiOjE3ODI0NTczMjksImV4cCI6MTc4MjU0MzcyOX0.mD89lVAA0GgO91KU7FTCOJOIjLi9QRbIMSX3K1E4rS9RcpbrnHvknogE_RGPh9rQ
2026-06-26 14:05:44 [http-nio-8081-exec-1] INFO  - Username from Token: ihsanabuhanifah
2026-06-26 14:05:44 [http-nio-8081-exec-1] INFO  - Device ID from Header: {{device_id}}
2026-06-26 14:05:44 [http-nio-8081-exec-1] INFO  - AUTHENTICATION VERIFIED: User 'ihsanabuhanifah' successfully accessed using matching device '{{device_id}}'
2026-06-26 14:05:57 [http-nio-8081-exec-10] INFO  - Incoming request to URI: [POST] /api/v1/products/createBulk
2026-06-26 14:05:57 [http-nio-8081-exec-10] INFO  - Token in Redis: eyJhbGciOiJIUzM4NCJ9.eyJzdWIiOiJpaHNhbmFidWhhbmlmYWgiLCJuYW1lIjoiQURNSU4iLCJpYXQiOjE3ODI0NTczMjksImV4cCI6MTc4MjU0MzcyOX0.mD89lVAA0GgO91KU7FTCOJOIjLi9QRbIMSX3K1E4rS9RcpbrnHvknogE_RGPh9rQ
2026-06-26 14:05:57 [http-nio-8081-exec-10] INFO  - Token from Header: eyJhbGciOiJIUzM4NCJ9.eyJzdWIiOiJpaHNhbmFidWhhbmlmYWgiLCJuYW1lIjoiQURNSU4iLCJpYXQiOjE3ODI0NTczMjksImV4cCI6MTc4MjU0MzcyOX0.mD89lVAA0GgO91KU7FTCOJOIjLi9QRbIMSX3K1E4rS9RcpbrnHvknogE_RGPh9rQ
2026-06-26 14:05:57 [http-nio-8081-exec-10] INFO  - Username from Token: ihsanabuhanifah
2026-06-26 14:05:57 [http-nio-8081-exec-10] INFO  - Device ID from Header: {{device_id}}
2026-06-26 14:05:57 [http-nio-8081-exec-10] INFO  - AUTHENTICATION VERIFIED: User 'ihsanabuhanifah' successfully accessed using matching device '{{device_id}}'
2026-06-26 14:05:58 [http-nio-8081-exec-10] WARN  - API Error occurred: Status Code [404 NOT_FOUND], Reason: Category not found
2026-06-26 14:05:58 [http-nio-8081-exec-2] INFO  - Incoming request to URI: [POST] /api/v1/products/createBulk
2026-06-26 14:05:58 [http-nio-8081-exec-2] INFO  - Token in Redis: eyJhbGciOiJIUzM4NCJ9.eyJzdWIiOiJpaHNhbmFidWhhbmlmYWgiLCJuYW1lIjoiQURNSU4iLCJpYXQiOjE3ODI0NTczMjksImV4cCI6MTc4MjU0MzcyOX0.mD89lVAA0GgO91KU7FTCOJOIjLi9QRbIMSX3K1E4rS9RcpbrnHvknogE_RGPh9rQ
2026-06-26 14:05:58 [http-nio-8081-exec-2] INFO  - Token from Header: eyJhbGciOiJIUzM4NCJ9.eyJzdWIiOiJpaHNhbmFidWhhbmlmYWgiLCJuYW1lIjoiQURNSU4iLCJpYXQiOjE3ODI0NTczMjksImV4cCI6MTc4MjU0MzcyOX0.mD89lVAA0GgO91KU7FTCOJOIjLi9QRbIMSX3K1E4rS9RcpbrnHvknogE_RGPh9rQ
2026-06-26 14:05:58 [http-nio-8081-exec-2] INFO  - Username from Token: ihsanabuhanifah
2026-06-26 14:05:58 [http-nio-8081-exec-2] INFO  - Device ID from Header: {{device_id}}
2026-06-26 14:05:58 [http-nio-8081-exec-2] INFO  - AUTHENTICATION VERIFIED: User 'ihsanabuhanifah' successfully accessed using matching device '{{device_id}}'
2026-06-26 14:05:58 [http-nio-8081-exec-2] WARN  - API Error occurred: Status Code [404 NOT_FOUND], Reason: Category not found
2026-06-26 14:23:24 [http-nio-8081-exec-5] INFO  - Incoming request to URI: [POST] /api/v1/categories/createBulk
2026-06-26 14:23:24 [http-nio-8081-exec-5] INFO  - Token in Redis: eyJhbGciOiJIUzM4NCJ9.eyJzdWIiOiJpaHNhbmFidWhhbmlmYWgiLCJuYW1lIjoiQURNSU4iLCJpYXQiOjE3ODI0NTczMjksImV4cCI6MTc4MjU0MzcyOX0.mD89lVAA0GgO91KU7FTCOJOIjLi9QRbIMSX3K1E4rS9RcpbrnHvknogE_RGPh9rQ
2026-06-26 14:23:24 [http-nio-8081-exec-5] INFO  - Token from Header: eyJhbGciOiJIUzM4NCJ9.eyJzdWIiOiJpaHNhbmFidWhhbmlmYWgiLCJuYW1lIjoiQURNSU4iLCJpYXQiOjE3ODI0NTczMjksImV4cCI6MTc4MjU0MzcyOX0.mD89lVAA0GgO91KU7FTCOJOIjLi9QRbIMSX3K1E4rS9RcpbrnHvknogE_RGPh9rQ
2026-06-26 14:23:24 [http-nio-8081-exec-5] INFO  - Username from Token: ihsanabuhanifah
2026-06-26 14:23:24 [http-nio-8081-exec-5] INFO  - Device ID from Header: {{device_id}}
2026-06-26 14:23:24 [http-nio-8081-exec-5] INFO  - AUTHENTICATION VERIFIED: User 'ihsanabuhanifah' successfully accessed using matching device '{{device_id}}'
2026-06-26 14:27:15 [http-nio-8081-exec-8] INFO  - Incoming request to URI: [POST] /api/v1/products/createBulk
2026-06-26 14:27:15 [http-nio-8081-exec-8] INFO  - Token in Redis: eyJhbGciOiJIUzM4NCJ9.eyJzdWIiOiJpaHNhbmFidWhhbmlmYWgiLCJuYW1lIjoiQURNSU4iLCJpYXQiOjE3ODI0NTczMjksImV4cCI6MTc4MjU0MzcyOX0.mD89lVAA0GgO91KU7FTCOJOIjLi9QRbIMSX3K1E4rS9RcpbrnHvknogE_RGPh9rQ
2026-06-26 14:27:15 [http-nio-8081-exec-8] INFO  - Token from Header: eyJhbGciOiJIUzM4NCJ9.eyJzdWIiOiJpaHNhbmFidWhhbmlmYWgiLCJuYW1lIjoiQURNSU4iLCJpYXQiOjE3ODI0NTczMjksImV4cCI6MTc4MjU0MzcyOX0.mD89lVAA0GgO91KU7FTCOJOIjLi9QRbIMSX3K1E4rS9RcpbrnHvknogE_RGPh9rQ
2026-06-26 14:27:15 [http-nio-8081-exec-8] INFO  - Username from Token: ihsanabuhanifah
2026-06-26 14:27:15 [http-nio-8081-exec-8] INFO  - Device ID from Header: {{device_id}}
2026-06-26 14:27:15 [http-nio-8081-exec-8] INFO  - AUTHENTICATION VERIFIED: User 'ihsanabuhanifah' successfully accessed using matching device '{{device_id}}'
2026-06-26 14:27:16 [http-nio-8081-exec-8] INFO  - LOG: Mencoba mengirim data ke RabbitMQ...
2026-06-26 14:27:16 [http-nio-8081-exec-8] INFO  - LOG: Data terkirim ke RabbitMQ!
2026-06-26 14:27:16 [org.springframework.amqp.rabbit.RabbitListenerEndpointContainer#0-1] INFO  - LOG: Menerima pesan sync dari RabbitMQ sebanyak: 500 item
2026-06-26 14:30:46 [scheduling-1] INFO  - Mulai membersihkan order expired...
2026-06-26 15:00:46 [scheduling-1] INFO  - Mulai membersihkan order expired...
